# JRE version: Java(TM) SE Runtime Environment (8.0_101-b13) (build 1.8.0_101-b13)
# Java VM: Java HotSpot(TM) 64-Bit Server VM (25.101-b13 mixed mode windows-amd64 compressed oops)
Heap:
 PSYoungGen      total 254464K, used 83769K [0x00000000eab00000, 0x00000000fc680000, 0x0000000100000000)
  eden space 249344K, 33% used [0x00000000eab00000,0x00000000efcce490,0x00000000f9e80000)
  from space 5120K, 0% used [0x00000000f9e80000,0x00000000f9e80000,0x00000000fa380000)
  to   space 20480K, 0% used [0x00000000fb280000,0x00000000fb280000,0x00000000fc680000)
 ParOldGen       total 101888K, used 42911K [0x00000000c0000000, 0x00000000c6380000, 0x00000000eab00000)
  object space 101888K, 42% used [0x00000000c0000000,0x00000000c29e7d30,0x00000000c6380000)
 Metaspace       used 65938K, capacity 71744K, committed 74880K, reserved 1114112K
  class space    used 8562K, capacity 8999K, committed 9856K, reserved 1048576K
GC Heap History (10 events):
Event: 22655.152 GC heap before
{Heap before GC invocations=82 (full 25):
 PSYoungGen      total 271360K, used 109270K [0x00000000eab00000, 0x00000000fcb80000, 0x0000000100000000)
  eden space 248320K, 44% used [0x00000000eab00000,0x00000000f15b5bf0,0x00000000f9d80000)
  from space 23040K, 0% used [0x00000000fb500000,0x00000000fb500000,0x00000000fcb80000)
  to   space 23552K, 0% used [0x00000000f9d80000,0x00000000f9d80000,0x00000000fb480000)
 ParOldGen       total 101888K, used 40296K [0x00000000c0000000, 0x00000000c6380000, 0x00000000eab00000)
  object space 101888K, 39% used [0x00000000c0000000,0x00000000c275a358,0x00000000c6380000)
 Metaspace       used 65266K, capacity 70338K, committed 74496K, reserved 1114112K
  class space    used 8437K, capacity 8735K, committed 9728K, reserved 1048576K
Event: 22655.161 GC heap after
Heap after GC invocations=82 (full 25):
 PSYoungGen      total 253440K, used 4623K [0x00000000eab00000, 0x00000000fc980000, 0x0000000100000000)
  eden space 248320K, 0% used [0x00000000eab00000,0x00000000eab00000,0x00000000f9d80000)
  from space 5120K, 90% used [0x00000000f9d80000,0x00000000fa203ee0,0x00000000fa280000)
  to   space 22528K, 0% used [0x00000000fb380000,0x00000000fb380000,0x00000000fc980000)
 ParOldGen       total 101888K, used 40296K [0x00000000c0000000, 0x00000000c6380000, 0x00000000eab00000)
  object space 101888K, 39% used [0x00000000c0000000,0x00000000c275a358,0x00000000c6380000)
 Metaspace       used 65266K, capacity 70338K, committed 74496K, reserved 1114112K
  class space    used 8437K, capacity 8735K, committed 9728K, reserved 1048576K
}
Event: 22655.161 GC heap before
{Heap before GC invocations=83 (full 26):
 PSYoungGen      total 253440K, used 4623K [0x00000000eab00000, 0x00000000fc980000, 0x0000000100000000)
  eden space 248320K, 0% used [0x00000000eab00000,0x00000000eab00000,0x00000000f9d80000)
  from space 5120K, 90% used [0x00000000f9d80000,0x00000000fa203ee0,0x00000000fa280000)
  to   space 22528K, 0% used [0x00000000fb380000,0x00000000fb380000,0x00000000fc980000)
 ParOldGen       total 101888K, used 40296K [0x00000000c0000000, 0x00000000c6380000, 0x00000000eab00000)
  object space 101888K, 39% used [0x00000000c0000000,0x00000000c275a358,0x00000000c6380000)
 Metaspace       used 65266K, capacity 70338K, committed 74496K, reserved 1114112K
  class space    used 8437K, capacity 8735K, committed 9728K, reserved 1048576K
Event: 22655.514 GC heap after
Heap after GC invocations=83 (full 26):
 PSYoungGen      total 253440K, used 0K [0x00000000eab00000, 0x00000000fc980000, 0x0000000100000000)
  eden space 248320K, 0% used [0x00000000eab00000,0x00000000eab00000,0x00000000f9d80000)
  from space 5120K, 0% used [0x00000000f9d80000,0x00000000f9d80000,0x00000000fa280000)
  to   space 22528K, 0% used [0x00000000fb380000,0x00000000fb380000,0x00000000fc980000)
 ParOldGen       total 101888K, used 44098K [0x00000000c0000000, 0x00000000c6380000, 0x00000000eab00000)
  object space 101888K, 43% used [0x00000000c0000000,0x00000000c2b10b80,0x00000000c6380000)
 Metaspace       used 65266K, capacity 70338K, committed 74496K, reserved 1114112K
  class space    used 8437K, capacity 8735K, committed 9728K, reserved 1048576K
}
Event: 22731.713 GC heap before
{Heap before GC invocations=84 (full 26):
 PSYoungGen      total 253440K, used 248320K [0x00000000eab00000, 0x00000000fc980000, 0x0000000100000000)
  eden space 248320K, 100% used [0x00000000eab00000,0x00000000f9d80000,0x00000000f9d80000)
  from space 5120K, 0% used [0x00000000f9d80000,0x00000000f9d80000,0x00000000fa280000)
  to   space 22528K, 0% used [0x00000000fb380000,0x00000000fb380000,0x00000000fc980000)
 ParOldGen       total 101888K, used 44098K [0x00000000c0000000, 0x00000000c6380000, 0x00000000eab00000)
  object space 101888K, 43% used [0x00000000c0000000,0x00000000c2b10b80,0x00000000c6380000)
 Metaspace       used 65654K, capacity 71146K, committed 74496K, reserved 1114112K
  class space    used 8521K, capacity 8918K, committed 9728K, reserved 1048576K
Event: 22731.738 GC heap after
Heap after GC invocations=84 (full 26):
 PSYoungGen      total 270848K, used 5600K [0x00000000eab00000, 0x00000000fc880000, 0x0000000100000000)
  eden space 249344K, 0% used [0x00000000eab00000,0x00000000eab00000,0x00000000f9e80000)
  from space 21504K, 26% used [0x00000000fb380000,0x00000000fb8f8000,0x00000000fc880000)
  to   space 21504K, 0% used [0x00000000f9e80000,0x00000000f9e80000,0x00000000fb380000)
 ParOldGen       total 101888K, used 44098K [0x00000000c0000000, 0x00000000c6380000, 0x00000000eab00000)
  object space 101888K, 43% used [0x00000000c0000000,0x00000000c2b10b80,0x00000000c6380000)
 Metaspace       used 65654K, capacity 71146K, committed 74496K, reserved 1114112K
  class space    used 8521K, capacity 8918K, committed 9728K, reserved 1048576K
}
Event: 22983.443 GC heap before
{Heap before GC invocations=85 (full 26):
 PSYoungGen      total 270848K, used 95551K [0x00000000eab00000, 0x00000000fc880000, 0x0000000100000000)
  eden space 249344K, 36% used [0x00000000eab00000,0x00000000f02d7dd8,0x00000000f9e80000)
  from space 21504K, 26% used [0x00000000fb380000,0x00000000fb8f8000,0x00000000fc880000)
  to   space 21504K, 0% used [0x00000000f9e80000,0x00000000f9e80000,0x00000000fb380000)
 ParOldGen       total 101888K, used 44098K [0x00000000c0000000, 0x00000000c6380000, 0x00000000eab00000)
  object space 101888K, 43% used [0x00000000c0000000,0x00000000c2b10b80,0x00000000c6380000)
 Metaspace       used 65741K, capacity 71266K, committed 74496K, reserved 1114112K
  class space    used 8535K, capacity 8958K, committed 9728K, reserved 1048576K
Event: 22983.451 GC heap after
Heap after GC invocations=85 (full 26):
 PSYoungGen      total 254464K, used 4767K [0x00000000eab00000, 0x00000000fc680000, 0x0000000100000000)
  eden space 249344K, 0% used [0x00000000eab00000,0x00000000eab00000,0x00000000f9e80000)
  from space 5120K, 93% used [0x00000000f9e80000,0x00000000fa327c50,0x00000000fa380000)
  to   space 20480K, 0% used [0x00000000fb280000,0x00000000fb280000,0x00000000fc680000)
 ParOldGen       total 101888K, used 44106K [0x00000000c0000000, 0x00000000c6380000, 0x00000000eab00000)
  object space 101888K, 43% used [0x00000000c0000000,0x00000000c2b12b80,0x00000000c6380000)
 Metaspace       used 65741K, capacity 71266K, committed 74496K, reserved 1114112K
  class space    used 8535K, capacity 8958K, committed 9728K, reserved 1048576K
}
Event: 22983.451 GC heap before
{Heap before GC invocations=86 (full 27):
 PSYoungGen      total 254464K, used 4767K [0x00000000eab00000, 0x00000000fc680000, 0x0000000100000000)
  eden space 249344K, 0% used [0x00000000eab00000,0x00000000eab00000,0x00000000f9e80000)
  from space 5120K, 93% used [0x00000000f9e80000,0x00000000fa327c50,0x00000000fa380000)
  to   space 20480K, 0% used [0x00000000fb280000,0x00000000fb280000,0x00000000fc680000)
 ParOldGen       total 101888K, used 44106K [0x00000000c0000000, 0x00000000c6380000, 0x00000000eab00000)
  object space 101888K, 43% used [0x00000000c0000000,0x00000000c2b12b80,0x00000000c6380000)
 Metaspace       used 65741K, capacity 71266K, committed 74496K, reserved 1114112K
  class space    used 8535K, capacity 8958K, committed 9728K, reserved 1048576K
Event: 22983.812 GC heap after
Heap after GC invocations=86 (full 27):
 PSYoungGen      total 254464K, used 0K [0x00000000eab00000, 0x00000000fc680000, 0x0000000100000000)
  eden space 249344K, 0% used [0x00000000eab00000,0x00000000eab00000,0x00000000f9e80000)
  from space 5120K, 0% used [0x00000000f9e80000,0x00000000f9e80000,0x00000000fa380000)
  to   space 20480K, 0% used [0x00000000fb280000,0x00000000fb280000,0x00000000fc680000)
 ParOldGen       total 101888K, used 42911K [0x00000000c0000000, 0x00000000c6380000, 0x00000000eab00000)
  object space 101888K, 42% used [0x00000000c0000000,0x00000000c29e7d30,0x00000000c6380000)
 Metaspace       used 65715K, capacity 71224K, committed 74496K, reserved 1114112K
  class space    used 8531K, capacity 8951K, committed 9728K, reserved 1048576K
}

